# Logfile created on Mon Nov 02 01:25:05 -0600 2009  [4;36;1mSQL (0.3ms)[0m   [0;1mSET NAMES 'utf8'[0m
  [4;35;1mSQL (0.1ms)[0m   [0mSET SQL_AUTO_IS_NULL=0[0m


Processing MembershipsController#index (for 127.0.0.1 at 2009-11-02 01:25:26) [GET]
  [4;36;1mMembership Load (0.6ms)[0m   [0;1mSELECT * FROM `memberships` [0m
  [4;35;1mRate Load (0.3ms)[0m   [0mSELECT * FROM `rates` [0m
Rendering template within layouts/main
Rendering memberships/index
  [4;36;1mMembership Columns (2.3ms)[0m   [0;1mSHOW FIELDS FROM `memberships`[0m
  [4;35;1mMember Columns (4.0ms)[0m   [0mSHOW FIELDS FROM `members`[0m
  [4;36;1mMember Load (0.4ms)[0m   [0;1mSELECT * FROM `members` WHERE (`members`.`id` = 15) [0m
  [4;35;1mRate Columns (2.4ms)[0m   [0mSHOW FIELDS FROM `rates`[0m
  [4;36;1mRate Load (0.3ms)[0m   [0;1mSELECT * FROM `rates` WHERE (`rates`.`id` = 3) [0m
  [4;35;1mMember Load (0.3ms)[0m   [0mSELECT * FROM `members` WHERE (`members`.`id` = 19) [0m
  [4;36;1mRate Load (0.2ms)[0m   [0;1mSELECT * FROM `rates` WHERE (`rates`.`id` = 1) [0m
  [4;35;1mMember Load (0.2ms)[0m   [0mSELECT * FROM `members` WHERE (`members`.`id` = 21) [0m
  [4;36;1mRate Load (0.2ms)[0m   [0;1mSELECT * FROM `rates` WHERE (`rates`.`id` = 2) [0m
  [4;35;1mMember Load (0.3ms)[0m   [0mSELECT * FROM `members` WHERE (`members`.`id` = 22) [0m
  [4;36;1mCACHE (0.0ms)[0m   [0;1mSELECT * FROM `rates` WHERE (`rates`.`id` = 3) [0m
Completed in 160ms (View: 131, DB: 12) | 200 OK [http://localhost/memberships]
  [4;35;1mSQL (0.1ms)[0m   [0mSET NAMES 'utf8'[0m
  [4;36;1mSQL (0.1ms)[0m   [0;1mSET SQL_AUTO_IS_NULL=0[0m


Processing RatesController#index (for 127.0.0.1 at 2009-11-02 01:25:51) [GET]
  [4;35;1mRate Load (0.4ms)[0m   [0mSELECT * FROM `rates` [0m
Rendering template within layouts/main
Rendering rates/index
  [4;36;1mRate Columns (1.8ms)[0m   [0;1mSHOW FIELDS FROM `rates`[0m
Completed in 40ms (View: 31, DB: 2) | 200 OK [http://localhost/rates]
  [4;35;1mSQL (0.2ms)[0m   [0mSET NAMES 'utf8'[0m
  [4;36;1mSQL (0.1ms)[0m   [0;1mSET SQL_AUTO_IS_NULL=0[0m


Processing MembersController#index (for 127.0.0.1 at 2009-11-02 01:28:51) [GET]
  [4;35;1mMember Load (0.5ms)[0m   [0mSELECT * FROM `members` [0m
Rendering template within layouts/main
Rendering members/index
  [4;36;1mMember Columns (256.3ms)[0m   [0;1mSHOW FIELDS FROM `members`[0m
Completed in 292ms (View: 26, DB: 257) | 200 OK [http://localhost/members]
  [4;35;1mSQL (0.1ms)[0m   [0mSET NAMES 'utf8'[0m
  [4;36;1mSQL (0.1ms)[0m   [0;1mSET SQL_AUTO_IS_NULL=0[0m


Processing MembershipsController#index (for 127.0.0.1 at 2009-11-02 01:28:55) [GET]
  [4;35;1mMembership Load (0.4ms)[0m   [0mSELECT * FROM `memberships` [0m
  [4;36;1mRate Load (0.2ms)[0m   [0;1mSELECT * FROM `rates` [0m
Rendering template within layouts/main
Rendering memberships/index
  [4;35;1mMembership Columns (2.1ms)[0m   [0mSHOW FIELDS FROM `memberships`[0m
  [4;36;1mMember Columns (1.9ms)[0m   [0;1mSHOW FIELDS FROM `members`[0m
  [4;35;1mMember Load (0.8ms)[0m   [0mSELECT * FROM `members` WHERE (`members`.`id` = 15) [0m
  [4;36;1mRate Columns (1.9ms)[0m   [0;1mSHOW FIELDS FROM `rates`[0m
  [4;35;1mRate Load (0.3ms)[0m   [0mSELECT * FROM `rates` WHERE (`rates`.`id` = 3) [0m
  [4;36;1mMember Load (0.3ms)[0m   [0;1mSELECT * FROM `members` WHERE (`members`.`id` = 19) [0m
  [4;35;1mRate Load (0.2ms)[0m   [0mSELECT * FROM `rates` WHERE (`rates`.`id` = 1) [0m
  [4;36;1mMember Load (0.2ms)[0m   [0;1mSELECT * FROM `members` WHERE (`members`.`id` = 21) [0m
  [4;35;1mRate Load (0.4ms)[0m   [0mSELECT * FROM `rates` WHERE (`rates`.`id` = 2) [0m
  [4;36;1mMember Load (0.3ms)[0m   [0;1mSELECT * FROM `members` WHERE (`members`.`id` = 22) [0m
  [4;35;1mCACHE (0.0ms)[0m   [0mSELECT * FROM `rates` WHERE (`rates`.`id` = 3) [0m
Completed in 44ms (View: 23, DB: 9) | 200 OK [http://localhost/memberships]
  [4;36;1mSQL (0.1ms)[0m   [0;1mSET NAMES 'utf8'[0m
  [4;35;1mSQL (0.1ms)[0m   [0mSET SQL_AUTO_IS_NULL=0[0m


Processing MembersController#index (for 127.0.0.1 at 2009-11-02 01:28:57) [GET]
  [4;36;1mMember Load (0.4ms)[0m   [0;1mSELECT * FROM `members` [0m
Rendering template within layouts/main
Rendering members/index
  [4;35;1mMember Columns (2.1ms)[0m   [0mSHOW FIELDS FROM `members`[0m
Completed in 25ms (View: 14, DB: 3) | 200 OK [http://localhost/members]
  [4;36;1mSQL (0.1ms)[0m   [0;1mSET NAMES 'utf8'[0m
  [4;35;1mSQL (0.1ms)[0m   [0mSET SQL_AUTO_IS_NULL=0[0m


Processing RatesController#index (for 127.0.0.1 at 2009-11-02 01:28:58) [GET]
  [4;36;1mRate Load (0.3ms)[0m   [0;1mSELECT * FROM `rates` [0m
Rendering template within layouts/main
Rendering rates/index
  [4;35;1mRate Columns (2.1ms)[0m   [0mSHOW FIELDS FROM `rates`[0m
Completed in 23ms (View: 13, DB: 3) | 200 OK [http://localhost/rates]
  [4;36;1mSQL (0.1ms)[0m   [0;1mSET NAMES 'utf8'[0m
  [4;35;1mSQL (0.1ms)[0m   [0mSET SQL_AUTO_IS_NULL=0[0m


Processing RatesController#index (for 127.0.0.1 at 2009-11-02 01:31:02) [GET]
  [4;36;1mRate Load (0.5ms)[0m   [0;1mSELECT * FROM `rates` [0m
Rendering template within layouts/main
Rendering rates/index
  [4;35;1mRate Columns (2.3ms)[0m   [0mSHOW FIELDS FROM `rates`[0m
Completed in 30ms (View: 20, DB: 3) | 200 OK [http://localhost/rates]
  [4;36;1mSQL (0.1ms)[0m   [0;1mSET NAMES 'utf8'[0m
  [4;35;1mSQL (0.1ms)[0m   [0mSET SQL_AUTO_IS_NULL=0[0m


Processing MembershipsController#index (for 127.0.0.1 at 2009-11-02 01:31:17) [GET]
  [4;36;1mMembership Load (0.4ms)[0m   [0;1mSELECT * FROM `memberships` [0m
  [4;35;1mRate Load (0.2ms)[0m   [0mSELECT * FROM `rates` [0m
Rendering template within layouts/main
Rendering memberships/index
  [4;36;1mMembership Columns (71.2ms)[0m   [0;1mSHOW FIELDS FROM `memberships`[0m
  [4;35;1mMember Columns (2.1ms)[0m   [0mSHOW FIELDS FROM `members`[0m
  [4;36;1mMember Load (0.3ms)[0m   [0;1mSELECT * FROM `members` WHERE (`members`.`id` = 15) [0m
  [4;35;1mRate Columns (1.7ms)[0m   [0mSHOW FIELDS FROM `rates`[0m
  [4;36;1mRate Load (0.3ms)[0m   [0;1mSELECT * FROM `rates` WHERE (`rates`.`id` = 3) [0m
  [4;35;1mMember Load (0.3ms)[0m   [0mSELECT * FROM `members` WHERE (`members`.`id` = 19) [0m
  [4;36;1mRate Load (0.2ms)[0m   [0;1mSELECT * FROM `rates` WHERE (`rates`.`id` = 1) [0m
  [4;35;1mMember Load (0.2ms)[0m   [0mSELECT * FROM `members` WHERE (`members`.`id` = 21) [0m
  [4;36;1mRate Load (0.1ms)[0m   [0;1mSELECT * FROM `rates` WHERE (`rates`.`id` = 2) [0m
  [4;35;1mMember Load (0.2ms)[0m   [0mSELECT * FROM `members` WHERE (`members`.`id` = 22) [0m
  [4;36;1mCACHE (0.0ms)[0m   [0;1mSELECT * FROM `rates` WHERE (`rates`.`id` = 3) [0m
Completed in 111ms (View: 22, DB: 77) | 200 OK [http://localhost/memberships]
  [4;35;1mSQL (0.1ms)[0m   [0mSET NAMES 'utf8'[0m
  [4;36;1mSQL (0.1ms)[0m   [0;1mSET SQL_AUTO_IS_NULL=0[0m


Processing MembersController#index (for 127.0.0.1 at 2009-11-02 01:33:10) [GET]
  [4;35;1mMember Load (0.5ms)[0m   [0mSELECT * FROM `members` [0m
Rendering template within layouts/main
Rendering members/index
  [4;36;1mMember Columns (2.6ms)[0m   [0;1mSHOW FIELDS FROM `members`[0m
Completed in 25ms (View: 14, DB: 3) | 200 OK [http://localhost/members]
  [4;35;1mSQL (0.1ms)[0m   [0mSET NAMES 'utf8'[0m
  [4;36;1mSQL (0.1ms)[0m   [0;1mSET SQL_AUTO_IS_NULL=0[0m


Processing CategoriesController#index (for 127.0.0.1 at 2009-11-02 01:33:36) [GET]
  [4;35;1mCategory Load (0.4ms)[0m   [0mSELECT * FROM `categories` [0m
Rendering template within layouts/main
Rendering categories/index
  [4;36;1mCategory Columns (1.6ms)[0m   [0;1mSHOW FIELDS FROM `categories`[0m
Completed in 67ms (View: 40, DB: 2) | 200 OK [http://localhost/categories]
  [4;35;1mSQL (0.2ms)[0m   [0mSET NAMES 'utf8'[0m
  [4;36;1mSQL (0.1ms)[0m   [0;1mSET SQL_AUTO_IS_NULL=0[0m


Processing CategoriesController#edit (for 127.0.0.1 at 2009-11-02 01:33:47) [GET]
  Parameters: {"id"=>"1"}
  [4;35;1mCategory Columns (2.3ms)[0m   [0mSHOW FIELDS FROM `categories`[0m
  [4;36;1mCategory Load (0.3ms)[0m   [0;1mSELECT * FROM `categories` WHERE (`categories`.`id` = 1) [0m
Rendering template within layouts/main
Rendering categories/edit
Rendered categories/_form (14.5ms)
Completed in 65ms (View: 55, DB: 3) | 200 OK [http://localhost/categories/1/edit]
  [4;35;1mSQL (0.2ms)[0m   [0mSET NAMES 'utf8'[0m
  [4;36;1mSQL (0.1ms)[0m   [0;1mSET SQL_AUTO_IS_NULL=0[0m


Processing CategoriesController#images to png (for 127.0.0.1 at 2009-11-02 01:33:47) [GET]
  Parameters: {"id"=>"cancelar"}

ActionController::UnknownAction (No action responded to images. Actions: create, destroy, edit, index, new, show, show_category, and update):
  

Rendering rescues/layout (not_found)
  [4;35;1mSQL (0.4ms)[0m   [0mSET NAMES 'utf8'[0m
  [4;36;1mSQL (0.6ms)[0m   [0;1mSET SQL_AUTO_IS_NULL=0[0m


Processing CategoriesController#index (for 127.0.0.1 at 2009-11-02 01:33:59) [GET]
  [4;35;1mCategory Load (0.4ms)[0m   [0mSELECT * FROM `categories` [0m
Rendering template within layouts/main
Rendering categories/index
  [4;36;1mCategory Columns (244.1ms)[0m   [0;1mSHOW FIELDS FROM `categories`[0m
Completed in 264ms (View: 10, DB: 246) | 200 OK [http://localhost/categories]
  [4;35;1mSQL (0.2ms)[0m   [0mSET NAMES 'utf8'[0m
  [4;36;1mSQL (0.1ms)[0m   [0;1mSET SQL_AUTO_IS_NULL=0[0m


Processing MembershipsController#index (for 127.0.0.1 at 2009-11-02 01:59:19) [GET]
  [4;35;1mMembership Load (0.4ms)[0m   [0mSELECT * FROM `memberships` [0m
  [4;36;1mRate Load (0.2ms)[0m   [0;1mSELECT * FROM `rates` [0m
Rendering template within layouts/main
Rendering memberships/index
  [4;35;1mMembership Columns (2.0ms)[0m   [0mSHOW FIELDS FROM `memberships`[0m
  [4;36;1mMember Columns (2.5ms)[0m   [0;1mSHOW FIELDS FROM `members`[0m
  [4;35;1mMember Load (0.3ms)[0m   [0mSELECT * FROM `members` WHERE (`members`.`id` = 15) [0m
  [4;36;1mRate Columns (1.5ms)[0m   [0;1mSHOW FIELDS FROM `rates`[0m
  [4;35;1mRate Load (0.2ms)[0m   [0mSELECT * FROM `rates` WHERE (`rates`.`id` = 3) [0m
  [4;36;1mMember Load (0.4ms)[0m   [0;1mSELECT * FROM `members` WHERE (`members`.`id` = 19) [0m
  [4;35;1mRate Load (0.2ms)[0m   [0mSELECT * FROM `rates` WHERE (`rates`.`id` = 1) [0m
  [4;36;1mMember Load (0.2ms)[0m   [0;1mSELECT * FROM `members` WHERE (`members`.`id` = 21) [0m
  [4;35;1mRate Load (0.2ms)[0m   [0mSELECT * FROM `rates` WHERE (`rates`.`id` = 2) [0m
  [4;36;1mMember Load (0.2ms)[0m   [0;1mSELECT * FROM `members` WHERE (`members`.`id` = 22) [0m
  [4;35;1mCACHE (0.0ms)[0m   [0mSELECT * FROM `rates` WHERE (`rates`.`id` = 3) [0m
Completed in 100ms (View: 21, DB: 9) | 200 OK [http://localhost/memberships]
  [4;36;1mSQL (0.3ms)[0m   [0;1mSET NAMES 'utf8'[0m
  [4;35;1mSQL (0.1ms)[0m   [0mSET SQL_AUTO_IS_NULL=0[0m
  [4;36;1mMember Load (0.6ms)[0m   [0;1mSELECT * FROM `members` WHERE (created_at = '2009-11-02') [0m
  [4;35;1mMember Load (0.4ms)[0m   [0mSELECT * FROM `members` WHERE (created_at = '2009-11-01') [0m
  [4;36;1mMember Load (0.6ms)[0m   [0;1mSELECT * FROM `members` WHERE (MONTH(created_at) = 2 AND DAY(created_at) = 11 AND YEAR(created_at) = 2009) [0m
  [4;36;1mSQL (0.3ms)[0m   [0;1mSET NAMES 'utf8'[0m
  [4;35;1mSQL (0.1ms)[0m   [0mSET SQL_AUTO_IS_NULL=0[0m


Processing MembersController#index (for 127.0.0.1 at 2009-11-02 02:15:44) [GET]
  [4;36;1mMember Load (0.7ms)[0m   [0;1mSELECT * FROM `members` WHERE (created_at >= '2009-11-02') [0m
  [4;35;1mMember Load (0.3ms)[0m   [0mSELECT * FROM `members` [0m
Rendering template within layouts/main
Rendering members/index
  [4;36;1mMember Columns (2.6ms)[0m   [0;1mSHOW FIELDS FROM `members`[0m
Completed in 159ms (View: 124, DB: 4) | 200 OK [http://localhost/members]
